<?xml version="1.0" encoding="UTF-8"?>
<testng-results ignored="0" total="2" passed="2" failed="0" skipped="0">
  <reporter-output>
  </reporter-output>
  <suite started-at="2023-06-08T16:20:28 IST" name="Default suite" finished-at="2023-06-08T16:21:33 IST" duration-ms="64337">
    <groups>
      <group name="cucumber">
        <method signature="AbstractTestNGCucumberTests.runScenario(io.cucumber.testng.PickleWrapper,io.cucumber.testng.FeatureWrapper)[pri:0, instance:testrunner.TestRunner_LabTest_Excel@f0c8a99]" name="runScenario" class="io.cucumber.testng.AbstractTestNGCucumberTests"/>
      </group> <!-- cucumber -->
    </groups>
    <test started-at="2023-06-08T16:20:28 IST" name="Default test" finished-at="2023-06-08T16:21:33 IST" duration-ms="64337">
      <class name="testrunner.TestRunner_LabTest_Excel">
        <test-method is-config="true" signature="setUpClass(org.testng.ITestContext)[pri:0, instance:testrunner.TestRunner_LabTest_Excel@f0c8a99]" started-at="2023-06-08T16:20:28 IST" name="setUpClass" finished-at="2023-06-08T16:20:29 IST" duration-ms="781" status="PASS">
          <params>
            <param index="0">
              <value>
                <![CDATA[org.testng.TestRunner@20a1b3ae]]>
              </value>
            </param>
          </params>
          <reporter-output>
          </reporter-output>
        </test-method> <!-- setUpClass -->
        <test-method signature="runScenario(io.cucumber.testng.PickleWrapper,io.cucumber.testng.FeatureWrapper)[pri:0, instance:testrunner.TestRunner_LabTest_Excel@f0c8a99]" started-at="2023-06-08T16:20:29 IST" name="runScenario" description="Runs Cucumber Scenarios" data-provider="scenarios" finished-at="2023-06-08T16:21:02 IST" duration-ms="32835" status="PASS">
          <params>
            <param index="0">
              <value>
                <![CDATA["Verify Search functionality with valid Test"]]>
              </value>
            </param>
            <param index="1">
              <value>
                <![CDATA["Lab-Tests"]]>
              </value>
            </param>
          </params>
          <reporter-output>
          </reporter-output>
        </test-method> <!-- runScenario -->
        <test-method signature="runScenario(io.cucumber.testng.PickleWrapper,io.cucumber.testng.FeatureWrapper)[pri:0, instance:testrunner.TestRunner_LabTest_Excel@f0c8a99]" started-at="2023-06-08T16:21:02 IST" name="runScenario" description="Runs Cucumber Scenarios" data-provider="scenarios" finished-at="2023-06-08T16:21:32 IST" duration-ms="30579" status="PASS">
          <params>
            <param index="0">
              <value>
                <![CDATA["Verify Search functionality with invavalid Test"]]>
              </value>
            </param>
            <param index="1">
              <value>
                <![CDATA["Lab-Tests"]]>
              </value>
            </param>
          </params>
          <reporter-output>
          </reporter-output>
        </test-method> <!-- runScenario -->
        <test-method is-config="true" signature="tearDownClass()[pri:0, instance:testrunner.TestRunner_LabTest_Excel@f0c8a99]" started-at="2023-06-08T16:21:32 IST" name="tearDownClass" finished-at="2023-06-08T16:21:33 IST" duration-ms="100" status="PASS">
          <reporter-output>
          </reporter-output>
        </test-method> <!-- tearDownClass -->
      </class> <!-- testrunner.TestRunner_LabTest_Excel -->
    </test> <!-- Default test -->
  </suite> <!-- Default suite -->
</testng-results>
